<?xml version="1.0" encoding="UTF-8"?>
<!-- Generated by org.testng.reporters.JUnitXMLReporter -->
<testsuite ignored="0" hostname="Imams-MBP" failures="0" tests="6" name="Day one Test Suite" time="0.136" errors="0" timestamp="2020-03-21T19:16:44 EDT">
  <testcase classname="test.day1" name="PersonalLoanLogin" time="0.015"/>
  <testcase classname="test.day1" name="PersonalLoanWeb" time="0.01"/>
  <testcase classname="test.day2" name="Ploan" time="0.002"/>
  <testcase classname="test.day4" name="APNILoginHomeLoan" time="0.004"/>
  <testcase classname="test.day4" name="MobileLoginHomeLoan" time="0.003"/>
  <testcase classname="test.day4" name="WebLoginHomeLoan" time="0.004"/>
</testsuite> <!-- Day one Test Suite -->
