<?xml version="1.0" encoding="UTF-8"?>
<!-- Generated by org.testng.reporters.JUnitXMLReporter -->
<testsuite ignored="3" hostname="Imams-MBP" failures="0" tests="6" name="Smoke Test" time="0.069" errors="0" timestamp="2020-03-22T16:54:24 EDT">
  <testcase classname="test.day1" name="PersonalLoanLogin" time="0.021"/>
  <testcase classname="test.day1" name="PersonalLoanWeb" time="0.002"/>
  <testcase classname="test.day4" name="MobileLoginHomeLoan" time="0.002"/>
  <testcase classname="test.day4" name="WebLoginHomeLoan" time="0.002"/>
  <testcase classname="test.day3" name="APNLoginHCarLoan" time="0.0"/>
  <testcase classname="test.day3" name="MobileLoginCarLoan" time="0.002"/>
  <testcase classname="test.day3" name="WebLoginCarLoan" time="0.0">
    <ignored/>
  </testcase> <!-- WebLoginCarLoan -->
  <testcase classname="test.day4" name="APNILoginHomeLoan" time="0.0">
    <ignored/>
  </testcase> <!-- APNILoginHomeLoan -->
  <testcase classname="test.day2" name="Ploan" time="0.0">
    <ignored/>
  </testcase> <!-- Ploan -->
</testsuite> <!-- Smoke Test -->
