<?xml version="1.0" encoding="UTF-8"?>
<testng-results ignored="0" total="1" passed="1" failed="0" skipped="0">
  <reporter-output>
  </reporter-output>
  <suite started-at="2020-04-11T23:02:21 EDT" name="Default suite" finished-at="2020-04-11T23:02:23 EDT" duration-ms="2393">
    <groups>
    </groups>
    <test started-at="2020-04-11T23:02:21 EDT" name="Default test" finished-at="2020-04-11T23:02:23 EDT" duration-ms="2393">
      <class name="datadriven.TestBaseLogin">
        <test-method signature="BaseLogin()[pri:0, instance:datadriven.TestBaseLogin@44a664f2]" started-at="2020-04-11T23:02:21 EDT" name="BaseLogin" finished-at="2020-04-11T23:02:23 EDT" duration-ms="2363" status="PASS">
          <reporter-output>
          </reporter-output>
        </test-method> <!-- BaseLogin -->
      </class> <!-- datadriven.TestBaseLogin -->
    </test> <!-- Default test -->
  </suite> <!-- Default suite -->
</testng-results>
